<?xml version="1.0" encoding="UTF-8"?>
<!-- Generated by org.testng.reporters.JUnitXMLReporter -->
<testsuite hostname="farids-MBP" ignored="0" name="State Farm Automation" tests="10" failures="1" timestamp="2022-02-11T11:07:14 EST" time="76.188" errors="0">
  <testcase name="banking" time="4.146" classname="Team4Pro.AppTest"/>
  <testcase name="claimHelp" time="4.567" classname="Team4Pro.AppTest"/>
  <testcase name="claimHlp" time="2.091" classname="Team4Pro.AppTest"/>
  <testcase name="claims" time="4.213" classname="Team4Pro.AppTest"/>
  <testcase name="findAnAgent" time="5.314" classname="Team4Pro.AppTest"/>
  <testcase name="getAQuote" time="4.365" classname="Team4Pro.AppTest"/>
  <testcase name="help" time="3.642" classname="Team4Pro.AppTest"/>
  <testcase name="insurance" time="2.527" classname="Team4Pro.AppTest">
    <failure type="org.openqa.selenium.ElementClickInterceptedException" message="element click intercepted: Element &amp;lt;button type=&amp;quot;button&amp;quot; aria-expanded=&amp;quot;false&amp;quot; aria-controls=&amp;quot;panel3&amp;quot; class=&amp;quot;-oneX-panel-button&amp;quot;&amp;gt;...&amp;lt;/button&amp;gt; is not clickable at point (942, 961). Other element would receive the click: &amp;lt;div id=&amp;quot;privacyptext63523&amp;quot; class=&amp;quot;-oneX-global-alert-body optccpatext&amp;quot;&amp;gt;...&amp;lt;/div&amp;gt;
  (Session info: chrome=98.0.4758.80)
Build info: version: &amp;apos;4.1.1&amp;apos;, revision: &amp;apos;e8fcc2cecf&amp;apos;
System info: host: &amp;apos;farids-MBP&amp;apos;, ip: &amp;apos;fe80:0:0:0:da:b49f:c4a0:ba47%en0&amp;apos;, os.name: &amp;apos;Mac OS X&amp;apos;, os.arch: &amp;apos;x86_64&amp;apos;, os.version: &amp;apos;10.16&amp;apos;, java.version: &amp;apos;1.8.0_301&amp;apos;
Driver info: org.openqa.selenium.chrome.ChromeDriver
Command: [b3b92d5522eb88ac1a5b5feed562400a, clickElement {id=b87de7c8-2b85-4d71-a690-156340155a05}]
Capabilities {acceptInsecureCerts: false, browserName: chrome, browserVersion: 98.0.4758.80, chrome: {chromedriverVersion: 97.0.4692.71 (adefa7837d02a..., userDataDir: /var/folders/rw/0z3lfqmd66n...}, goog:chromeOptions: {debuggerAddress: localhost:65014}, javascriptEnabled: true, networkConnectionEnabled: false, pageLoadStrategy: normal, platform: MAC, platformName: MAC, proxy: Proxy(), se:cdp: ws://localhost:65014/devtoo..., se:cdpVersion: 98.0.4758.80, setWindowRect: true, strictFileInteractability: false, timeouts: {implicit: 0, pageLoad: 300000, script: 30000}, unhandledPromptBehavior: dismiss and notify, webauthn:extension:credBlob: true, webauthn:extension:largeBlob: true, webauthn:virtualAuthenticators: true}
Element: [[ChromeDriver: chrome on MAC (b3b92d5522eb88ac1a5b5feed562400a)] -&amp;gt; xpath: //button[@type=&amp;quot;button&amp;quot;and text() =&amp;apos;Sports cars&amp;apos;]]
Session ID: b3b92d5522eb88ac1a5b5feed562400a">
      <![CDATA[org.openqa.selenium.ElementClickInterceptedException: element click intercepted: Element <button type="button" aria-expanded="false" aria-controls="panel3" class="-oneX-panel-button">...</button> is not clickable at point (942, 961). Other element would receive the click: <div id="privacyptext63523" class="-oneX-global-alert-body optccpatext">...</div>
  (Session info: chrome=98.0.4758.80)
Build info: version: '4.1.1', revision: 'e8fcc2cecf'
System info: host: 'farids-MBP', ip: 'fe80:0:0:0:da:b49f:c4a0:ba47%en0', os.name: 'Mac OS X', os.arch: 'x86_64', os.version: '10.16', java.version: '1.8.0_301'
Driver info: org.openqa.selenium.chrome.ChromeDriver
Command: [b3b92d5522eb88ac1a5b5feed562400a, clickElement {id=b87de7c8-2b85-4d71-a690-156340155a05}]
Capabilities {acceptInsecureCerts: false, browserName: chrome, browserVersion: 98.0.4758.80, chrome: {chromedriverVersion: 97.0.4692.71 (adefa7837d02a..., userDataDir: /var/folders/rw/0z3lfqmd66n...}, goog:chromeOptions: {debuggerAddress: localhost:65014}, javascriptEnabled: true, networkConnectionEnabled: false, pageLoadStrategy: normal, platform: MAC, platformName: MAC, proxy: Proxy(), se:cdp: ws://localhost:65014/devtoo..., se:cdpVersion: 98.0.4758.80, setWindowRect: true, strictFileInteractability: false, timeouts: {implicit: 0, pageLoad: 300000, script: 30000}, unhandledPromptBehavior: dismiss and notify, webauthn:extension:credBlob: true, webauthn:extension:largeBlob: true, webauthn:virtualAuthenticators: true}
Element: [[ChromeDriver: chrome on MAC (b3b92d5522eb88ac1a5b5feed562400a)] -> xpath: //button[@type="button"and text() ='Sports cars']]
Session ID: b3b92d5522eb88ac1a5b5feed562400a
at org.openqa.selenium.remote.codec.w3c.W3CHttpResponseCodec.createException(W3CHttpResponseCodec.java:200)
at org.openqa.selenium.remote.codec.w3c.W3CHttpResponseCodec.decode(W3CHttpResponseCodec.java:133)
at org.openqa.selenium.remote.codec.w3c.W3CHttpResponseCodec.decode(W3CHttpResponseCodec.java:53)
at org.openqa.selenium.remote.HttpCommandExecutor.execute(HttpCommandExecutor.java:184)
at org.openqa.selenium.remote.service.DriverCommandExecutor.invokeExecute(DriverCommandExecutor.java:167)
at org.openqa.selenium.remote.service.DriverCommandExecutor.execute(DriverCommandExecutor.java:142)
at org.openqa.selenium.remote.RemoteWebDriver.execute(RemoteWebDriver.java:543)
at org.openqa.selenium.remote.RemoteWebElement.execute(RemoteWebElement.java:251)
at org.openqa.selenium.remote.RemoteWebElement.click(RemoteWebElement.java:77)
at org.openqa.selenium.support.pagefactory.internal.LocatingElementHandler.invoke(LocatingElementHandler.java:52)
at com.sun.proxy.$Proxy15.click(Unknown Source)
at base.OurAPI.click(OurAPI.java:253)
at Team4Pro.AppTest.insurance(AppTest.java:43)
at java.util.ArrayList.forEach(ArrayList.java:1259)
at com.intellij.rt.testng.IDEARemoteTestNG.run(IDEARemoteTestNG.java:66)
at com.intellij.rt.testng.RemoteTestNGStarter.main(RemoteTestNGStarter.java:109)
... Removed 31 stack frames]]>
    </failure>
  </testcase> <!-- insurance -->
  <testcase name="investment" time="6.341" classname="Team4Pro.AppTest"/>
  <testcase name="peyBill" time="1.882" classname="Team4Pro.AppTest"/>
</testsuite> <!-- State Farm Automation -->
